Using pre-set license
Built from '2020.3/staging' branch; Version is '2020.3.5f1 (8095aa901b9b) revision 8426922'; Using compiler version '192528614'; Build Type 'Release'
OS: 'Windows 10 Pro; OS build 19042.1348; Version 2009; 64bit' Language: 'en' Physical Memory: 65337 MB
BatchMode: 1, IsHumanControllingUs: 0, StartBugReporterOnCrash: 0, Is64bit: 1, IsPro: 0

 COMMAND LINE ARGUMENTS:
C:\Program Files\Unity\Hub\Editor\2020.3.5f1\Editor\Unity.exe
-adb2
-batchMode
-noUpm
-name
AssetImportWorker0
-projectPath
E:/UnityProjects/PassthroughBoilerplateTestbed/PassthroughBoilerplateGitHub/Quest2_Passthrough_Testbed/PassthroughBoilerplateTestbed
-logFile
Logs/AssetImportWorker0.log
-srvPort
55889
Successfully changed project path to: E:/UnityProjects/PassthroughBoilerplateTestbed/PassthroughBoilerplateGitHub/Quest2_Passthrough_Testbed/PassthroughBoilerplateTestbed
E:/UnityProjects/PassthroughBoilerplateTestbed/PassthroughBoilerplateGitHub/Quest2_Passthrough_Testbed/PassthroughBoilerplateTestbed
Using Asset Import Pipeline V2.
Refreshing native plugins compatible for Editor in 44.78 ms, found 4 plugins.
Preloading 1 native plugins for Editor in 0.69 ms.
Initialize engine version: 2020.3.5f1 (8095aa901b9b)
[Subsystems] Discovering subsystems at path C:/Program Files/Unity/Hub/Editor/2020.3.5f1/Editor/Data/Resources/UnitySubsystems
[Subsystems] Discovering subsystems at path E:/UnityProjects/PassthroughBoilerplateTestbed/PassthroughBoilerplateGitHub/Quest2_Passthrough_Testbed/PassthroughBoilerplateTestbed/Assets
GfxDevice: creating device client; threaded=0
Direct3D:
    Version:  Direct3D 11.0 [level 11.1]
    Renderer: NVIDIA GeForce RTX 2080 (ID=0x1ed0)
    Vendor:   
    VRAM:     8010 MB
    Driver:   30.0.14.7135
Shader 'Oculus/OVRMRCameraFrameLit': fallback shader 'Alpha-Diffuse' not found
Initialize mono
Mono path[0] = 'C:/Program Files/Unity/Hub/Editor/2020.3.5f1/Editor/Data/Managed'
Mono path[1] = 'C:/Program Files/Unity/Hub/Editor/2020.3.5f1/Editor/Data/MonoBleedingEdge/lib/mono/unityjit'
Mono config path = 'C:/Program Files/Unity/Hub/Editor/2020.3.5f1/Editor/Data/MonoBleedingEdge/etc'
Using monoOptions --debugger-agent=transport=dt_socket,embedding=1,server=y,suspend=n,address=127.0.0.1:56708
Begin MonoManager ReloadAssembly
Registering precompiled unity dll's ...
Register platform support module: C:/Program Files/Unity/Hub/Editor/2020.3.5f1/Editor/Data/PlaybackEngines/WindowsStandaloneSupport/UnityEditor.WindowsStandalone.Extensions.dll
Registered in 0.001484 seconds.
Native extension for WindowsStandalone target not found
Refreshing native plugins compatible for Editor in 39.80 ms, found 4 plugins.
Preloading 1 native plugins for Editor in 0.03 ms.
Mono: successfully reloaded assembly
- Completed reload, in  1.192 seconds
Platform modules already initialized, skipping
Registering precompiled user dll's ...
Registered in 0.002016 seconds.
Begin MonoManager ReloadAssembly
Native extension for WindowsStandalone target not found
Refreshing native plugins compatible for Editor in 0.56 ms, found 4 plugins.
Preloading 1 native plugins for Editor in 0.04 ms.
[XR] OculusXRPlugin: registering subsystems
[XR] Unable to register display lifecyle provider: [1]
[XR] Oculus Input lifecycle provider registered.
[XR] Unable to register input lifecyle provider: [1]
[XR] OVRP version 1.67.0
Mono: successfully reloaded assembly
- Completed reload, in  0.694 seconds
Platform modules already initialized, skipping
========================================================================
Worker process is ready to serve import requests
Shader 'Oculus/OVRMRCameraFrameLit': fallback shader 'Alpha-Diffuse' not found
Launched and connected shader compiler UnityShaderCompiler.exe after 0.04 seconds
Refreshing native plugins compatible for Editor in 0.56 ms, found 4 plugins.
Preloading 1 native plugins for Editor in 0.03 ms.
Unloading 2059 Unused Serialized files (Serialized files now loaded: 0)
System memory in use before: 103.3 MB.
System memory in use after: 103.4 MB.

Unloading 38 unused Assets to reduce memory usage. Loaded Objects now: 2489.
Total: 1.954100 ms (FindLiveObjects: 0.244100 ms CreateObjectMapping: 0.116800 ms MarkObjects: 1.516700 ms  DeleteObjects: 0.075700 ms)

========================================================================
Received Import Request.
  path: Assets/Prefabs/HEMM Whole 1.prefab
  artifactKey: Guid(7435bc64883e310458397bf921202c0e) Importer(815301076,1909f56bfc062723c751e8b465ee728b)
Start importing Assets/Prefabs/HEMM Whole 1.prefab using Guid(7435bc64883e310458397bf921202c0e) Importer(815301076,1909f56bfc062723c751e8b465ee728b)  -> (artifact id: '4ee2ddb7392cffe946455fd9f0dd821e') in 1.534974 seconds
  Import took 1.546108 seconds .

========================================================================
Received Import Request.
  Time since last request: 0.000272 seconds.
  path: Assets/Prefabs/Icon.png.png
  artifactKey: Guid(3fa4712e342d3db40ba962a0171d4c0a) Importer(815301076,1909f56bfc062723c751e8b465ee728b)
Start importing Assets/Prefabs/Icon.png.png using Guid(3fa4712e342d3db40ba962a0171d4c0a) Importer(815301076,1909f56bfc062723c751e8b465ee728b)  -> (artifact id: '21cab347c760b4e5a232803606b80ccc') in 0.049469 seconds
  Import took 0.052072 seconds .

========================================================================
Received Import Request.
  Time since last request: 0.113119 seconds.
  path: Assets/24_AWG_Inst_Base_color.png
  artifactKey: Guid(23950995af140a54285ecb1816ee261d) Importer(815301076,1909f56bfc062723c751e8b465ee728b)
Start importing Assets/24_AWG_Inst_Base_color.png using Guid(23950995af140a54285ecb1816ee261d) Importer(815301076,1909f56bfc062723c751e8b465ee728b)  -> (artifact id: 'f5ae6d0f4524561d7d5b3cc7ef5f2099') in 0.047258 seconds
  Import took 0.049989 seconds .

========================================================================
Received Import Request.
  Time since last request: 0.000231 seconds.
  path: Assets/bolts_Normal.png
  artifactKey: Guid(1095023dcc0bb5d4c929538fb4e9e7e1) Importer(815301076,1909f56bfc062723c751e8b465ee728b)
Start importing Assets/bolts_Normal.png using Guid(1095023dcc0bb5d4c929538fb4e9e7e1) Importer(815301076,1909f56bfc062723c751e8b465ee728b)  -> (artifact id: '1790c06b50a186ee5c31e2080ebdb936') in 0.013151 seconds
  Import took 0.015681 seconds .

========================================================================
Received Import Request.
  Time since last request: 0.000201 seconds.
  path: Assets/bolts_Base_color.png
  artifactKey: Guid(852c6630ff5033a4db5902f5e084125c) Importer(815301076,1909f56bfc062723c751e8b465ee728b)
Start importing Assets/bolts_Base_color.png using Guid(852c6630ff5033a4db5902f5e084125c) Importer(815301076,1909f56bfc062723c751e8b465ee728b)  -> (artifact id: '83a604bfdde5f047bf431009730cbe9f') in 0.010528 seconds
  Import took 0.013038 seconds .

========================================================================
Received Import Request.
  Time since last request: 0.000154 seconds.
  path: Assets/rotor_stator_innards_roughness.png
  artifactKey: Guid(51a5f120117196f4c93d8ebaf782100b) Importer(815301076,1909f56bfc062723c751e8b465ee728b)
Start importing Assets/rotor_stator_innards_roughness.png using Guid(51a5f120117196f4c93d8ebaf782100b) Importer(815301076,1909f56bfc062723c751e8b465ee728b)  -> (artifact id: 'eb69c3cbd97141ce1229e058d2deb001') in 0.047365 seconds
  Import took 0.049808 seconds .

========================================================================
Received Import Request.
  Time since last request: 0.000226 seconds.
  path: Assets/Outer_Shell_BaseColor.png
  artifactKey: Guid(42c152ad5bffeeb418741be02cebed97) Importer(815301076,1909f56bfc062723c751e8b465ee728b)
Start importing Assets/Outer_Shell_BaseColor.png using Guid(42c152ad5bffeeb418741be02cebed97) Importer(815301076,1909f56bfc062723c751e8b465ee728b)  -> (artifact id: '886c91781878c24f58405bc332e28df8') in 0.048349 seconds
  Import took 0.050708 seconds .

========================================================================
Received Import Request.
  Time since last request: 0.000243 seconds.
  path: Assets/Rotor_Shell_Normal.png
  artifactKey: Guid(bae416940b2c546419eae4e874545612) Importer(815301076,1909f56bfc062723c751e8b465ee728b)
Start importing Assets/Rotor_Shell_Normal.png using Guid(bae416940b2c546419eae4e874545612) Importer(815301076,1909f56bfc062723c751e8b465ee728b)  -> (artifact id: 'a192f5dd3d5da8de870e5e932bbfe166') in 0.060486 seconds
  Import took 0.062848 seconds .

========================================================================
Received Import Request.
  Time since last request: 0.000214 seconds.
  path: Assets/Cryocooler.mat
  artifactKey: Guid(776de2e4d20a87048a7736f1fc36a14b) Importer(815301076,1909f56bfc062723c751e8b465ee728b)
Start importing Assets/Cryocooler.mat using Guid(776de2e4d20a87048a7736f1fc36a14b) Importer(815301076,1909f56bfc062723c751e8b465ee728b)  -> (artifact id: '5bdfbbea24836974137e051fce9b1172') in 0.176031 seconds
  Import took 0.179062 seconds .

========================================================================
Received Import Request.
  Time since last request: 0.000254 seconds.
  path: Assets/slip_ring_interface_metallic.png
  artifactKey: Guid(f5366a949e2580b458f5abb0da6567a1) Importer(815301076,1909f56bfc062723c751e8b465ee728b)
Start importing Assets/slip_ring_interface_metallic.png using Guid(f5366a949e2580b458f5abb0da6567a1) Importer(815301076,1909f56bfc062723c751e8b465ee728b)  -> (artifact id: 'dd9c60980e1fa52fc70831d745c76d96') in 0.049211 seconds
  Import took 0.051632 seconds .

========================================================================
Received Import Request.
  Time since last request: 0.000255 seconds.
  path: Assets/Cryocooler_normal.png
  artifactKey: Guid(48e56149d67f5804785426ced214960d) Importer(815301076,1909f56bfc062723c751e8b465ee728b)
Start importing Assets/Cryocooler_normal.png using Guid(48e56149d67f5804785426ced214960d) Importer(815301076,1909f56bfc062723c751e8b465ee728b)  -> (artifact id: '9b2300baf86983e9381927f9256843ce') in 0.041805 seconds
  Import took 0.044140 seconds .

========================================================================
Received Import Request.
  Time since last request: 0.000264 seconds.
  path: Assets/Cryocooler_metallic.png
  artifactKey: Guid(c90abf30cd1d67d41a6f1fdec5537af2) Importer(815301076,1909f56bfc062723c751e8b465ee728b)
Start importing Assets/Cryocooler_metallic.png using Guid(c90abf30cd1d67d41a6f1fdec5537af2) Importer(815301076,1909f56bfc062723c751e8b465ee728b)  -> (artifact id: '3767580936e4fac8a0c4b43383432515') in 0.045865 seconds
  Import took 0.048248 seconds .

========================================================================
Received Import Request.
  Time since last request: 0.000225 seconds.
  path: Assets/motor_housing_ab_normal.png
  artifactKey: Guid(cad0357afc2434a428bc17fcaf1e0a39) Importer(815301076,1909f56bfc062723c751e8b465ee728b)
Start importing Assets/motor_housing_ab_normal.png using Guid(cad0357afc2434a428bc17fcaf1e0a39) Importer(815301076,1909f56bfc062723c751e8b465ee728b)  -> (artifact id: '496450b25e28a174a39a6e469b8e2f0e') in 0.040990 seconds
  Import took 0.043381 seconds .

========================================================================
Received Import Request.
  Time since last request: 0.000268 seconds.
  path: Assets/Rotor Stator.mat
  artifactKey: Guid(4ea8757d3439b864ca66c7b1e3e939b3) Importer(815301076,1909f56bfc062723c751e8b465ee728b)
Start importing Assets/Rotor Stator.mat using Guid(4ea8757d3439b864ca66c7b1e3e939b3) Importer(815301076,1909f56bfc062723c751e8b465ee728b)  -> (artifact id: 'f5ee2d8228e4598df6a8556ac91cea10') in 0.163657 seconds
  Import took 0.166659 seconds .

========================================================================
Received Import Request.
  Time since last request: 0.000233 seconds.
  path: Assets/Rotor_Shell_Base_Color.png
  artifactKey: Guid(05d84114c4da3094eb8ad4d7621d4bf6) Importer(815301076,1909f56bfc062723c751e8b465ee728b)
Start importing Assets/Rotor_Shell_Base_Color.png using Guid(05d84114c4da3094eb8ad4d7621d4bf6) Importer(815301076,1909f56bfc062723c751e8b465ee728b)  -> (artifact id: '5266deae22b995c50d95f9f18d916e4b') in 0.046239 seconds
  Import took 0.048630 seconds .

========================================================================
Received Import Request.
  Time since last request: 0.000213 seconds.
  path: Assets/Outer Shell 1.mat
  artifactKey: Guid(5d7c1aeb1736a144588c98a323cfadd2) Importer(815301076,1909f56bfc062723c751e8b465ee728b)
Start importing Assets/Outer Shell 1.mat using Guid(5d7c1aeb1736a144588c98a323cfadd2) Importer(815301076,1909f56bfc062723c751e8b465ee728b)  -> (artifact id: '8d7e8e3c78c4bd9fa059620d3b7b7118') in 0.165088 seconds
  Import took 0.168107 seconds .

========================================================================
Received Import Request.
  Time since last request: 0.000200 seconds.
  path: Assets/24_AWG_Inst_roughness.png
  artifactKey: Guid(fd98e39cf2a19984bad562c6879f7194) Importer(815301076,1909f56bfc062723c751e8b465ee728b)
Start importing Assets/24_AWG_Inst_roughness.png using Guid(fd98e39cf2a19984bad562c6879f7194) Importer(815301076,1909f56bfc062723c751e8b465ee728b)  -> (artifact id: 'c94beaa414f2a2f3b9e71a872d3bb1cc') in 0.046292 seconds
  Import took 0.048731 seconds .

========================================================================
Received Import Request.
  Time since last request: 0.000245 seconds.
  path: Assets/outer_shell_normal.png
  artifactKey: Guid(f67a5a1cb2a23da4bb04440ccd0c9a0b) Importer(815301076,1909f56bfc062723c751e8b465ee728b)
Start importing Assets/outer_shell_normal.png using Guid(f67a5a1cb2a23da4bb04440ccd0c9a0b) Importer(815301076,1909f56bfc062723c751e8b465ee728b)  -> (artifact id: 'b0c3d3b0ee38d648e7a223e9282960de') in 0.041196 seconds
  Import took 0.043518 seconds .

========================================================================
Received Import Request.
  Time since last request: 0.000162 seconds.
  path: Assets/bolts_Metallic.png
  artifactKey: Guid(bc1e8752b4b40904cb0ae2b66522f808) Importer(815301076,1909f56bfc062723c751e8b465ee728b)
Start importing Assets/bolts_Metallic.png using Guid(bc1e8752b4b40904cb0ae2b66522f808) Importer(815301076,1909f56bfc062723c751e8b465ee728b)  -> (artifact id: 'd9842aa305dae565c4169ca31224ea2c') in 0.009733 seconds
  Import took 0.012162 seconds .

========================================================================
Received Import Request.
  Time since last request: 0.000211 seconds.
  path: Assets/motor_housing_ab_metallic.png
  artifactKey: Guid(3965e1c32ebbf564f8474e010177054a) Importer(815301076,1909f56bfc062723c751e8b465ee728b)
Start importing Assets/motor_housing_ab_metallic.png using Guid(3965e1c32ebbf564f8474e010177054a) Importer(815301076,1909f56bfc062723c751e8b465ee728b)  -> (artifact id: 'f1e45bf573cdbf3b3c50fb04bba73e0a') in 0.047349 seconds
  Import took 0.049840 seconds .

========================================================================
Received Import Request.
  Time since last request: 0.000207 seconds.
  path: Assets/outer_shell_roughness.png
  artifactKey: Guid(fe2aaa9222528e745ae22b7de4ba2cb7) Importer(815301076,1909f56bfc062723c751e8b465ee728b)
Start importing Assets/outer_shell_roughness.png using Guid(fe2aaa9222528e745ae22b7de4ba2cb7) Importer(815301076,1909f56bfc062723c751e8b465ee728b)  -> (artifact id: 'e24e3c3cad2ee8de17694008accd4f92') in 0.048162 seconds
  Import took 0.050538 seconds .

========================================================================
Received Import Request.
  Time since last request: 0.000254 seconds.
  path: Assets/Cryocooler_roughness.png
  artifactKey: Guid(de44780c6b6e3f54a8fb4e6280410897) Importer(815301076,1909f56bfc062723c751e8b465ee728b)
Start importing Assets/Cryocooler_roughness.png using Guid(de44780c6b6e3f54a8fb4e6280410897) Importer(815301076,1909f56bfc062723c751e8b465ee728b)  -> (artifact id: '021e5bbe36d0b0c4f6e6c5e848c598af') in 0.046263 seconds
  Import took 0.048691 seconds .

========================================================================
Received Import Request.
  Time since last request: 0.000238 seconds.
  path: Assets/Springs 1.mat
  artifactKey: Guid(f048ee934d8bfbe47bec2c676dce6c23) Importer(815301076,1909f56bfc062723c751e8b465ee728b)
Start importing Assets/Springs 1.mat using Guid(f048ee934d8bfbe47bec2c676dce6c23) Importer(815301076,1909f56bfc062723c751e8b465ee728b)  -> (artifact id: '4ddb9545a49f1d87567a923319cafe8c') in 0.020264 seconds
  Import took 0.022761 seconds .

========================================================================
Received Import Request.
  Time since last request: 0.000207 seconds.
  path: Assets/Rotor_Shell_Metallic.png
  artifactKey: Guid(619a939b250c29c40916fa8abe0bb172) Importer(815301076,1909f56bfc062723c751e8b465ee728b)
Start importing Assets/Rotor_Shell_Metallic.png using Guid(619a939b250c29c40916fa8abe0bb172) Importer(815301076,1909f56bfc062723c751e8b465ee728b)  -> (artifact id: '4b5072760be9ff6c55ce37041ecb81ef') in 0.046007 seconds
  Import took 0.048378 seconds .

========================================================================
Received Import Request.
  Time since last request: 0.000189 seconds.
  path: Assets/24_AWG_Inst_metallic.png
  artifactKey: Guid(ebf44f4b8fa3d9b49b364b078bd16a34) Importer(815301076,1909f56bfc062723c751e8b465ee728b)
Start importing Assets/24_AWG_Inst_metallic.png using Guid(ebf44f4b8fa3d9b49b364b078bd16a34) Importer(815301076,1909f56bfc062723c751e8b465ee728b)  -> (artifact id: '4cdec6fcc5de8146eef180a51ad75fa0') in 0.046885 seconds
  Import took 0.049260 seconds .

========================================================================
Received Import Request.
  Time since last request: 0.000246 seconds.
  path: Assets/HEMM Whole.fbx
  artifactKey: Guid(d5f3284930ea97f498753589e37ee486) Importer(815301076,1909f56bfc062723c751e8b465ee728b)
Start importing Assets/HEMM Whole.fbx using Guid(d5f3284930ea97f498753589e37ee486) Importer(815301076,1909f56bfc062723c751e8b465ee728b)  -> (artifact id: '323c4c1eec526ed6d87cb8dbf01c746d') in 0.462618 seconds
  Import took 0.467782 seconds .

========================================================================
Received Import Request.
  Time since last request: 0.000249 seconds.
  path: Assets/slip_ring_interface_normal.png
  artifactKey: Guid(7462e1f8c4ddf8740bbd672da9b3e754) Importer(815301076,1909f56bfc062723c751e8b465ee728b)
Start importing Assets/slip_ring_interface_normal.png using Guid(7462e1f8c4ddf8740bbd672da9b3e754) Importer(815301076,1909f56bfc062723c751e8b465ee728b)  -> (artifact id: '17e346bd9e2b561d27b83d6bb1261d04') in 0.044583 seconds
  Import took 0.046990 seconds .

========================================================================
Received Import Request.
  Time since last request: 0.000244 seconds.
  path: Assets/Motor Housing A B.mat
  artifactKey: Guid(1cbe9a27cc666394cb92b5572e40b7bf) Importer(815301076,1909f56bfc062723c751e8b465ee728b)
Start importing Assets/Motor Housing A B.mat using Guid(1cbe9a27cc666394cb92b5572e40b7bf) Importer(815301076,1909f56bfc062723c751e8b465ee728b)  -> (artifact id: '891fe014faacbd952812b32d4cb09a8b') in 0.172830 seconds
  Import took 0.175265 seconds .

========================================================================
Received Import Request.
  Time since last request: 0.000243 seconds.
  path: Assets/bolts_Roughness.png
  artifactKey: Guid(546450c2d80599e438317df1ae8a6a08) Importer(815301076,1909f56bfc062723c751e8b465ee728b)
Start importing Assets/bolts_Roughness.png using Guid(546450c2d80599e438317df1ae8a6a08) Importer(815301076,1909f56bfc062723c751e8b465ee728b)  -> (artifact id: '597c6264479c7824da5e012d2f4ba775') in 0.010846 seconds
  Import took 0.013284 seconds .

========================================================================
Received Import Request.
  Time since last request: 0.000159 seconds.
  path: Assets/rotor_stator_innards_BaseColor.png
  artifactKey: Guid(fc2436ec6ce83e3448c47d7c40beabea) Importer(815301076,1909f56bfc062723c751e8b465ee728b)
Start importing Assets/rotor_stator_innards_BaseColor.png using Guid(fc2436ec6ce83e3448c47d7c40beabea) Importer(815301076,1909f56bfc062723c751e8b465ee728b)  -> (artifact id: 'fef294cfa993d401ead1ebfc0b605ff8') in 0.050325 seconds
  Import took 0.052821 seconds .

========================================================================
Received Import Request.
  Time since last request: 0.000244 seconds.
  path: Assets/AWG Inst.mat
  artifactKey: Guid(e6db598f46fce494bb13055befb766de) Importer(815301076,1909f56bfc062723c751e8b465ee728b)
Start importing Assets/AWG Inst.mat using Guid(e6db598f46fce494bb13055befb766de) Importer(815301076,1909f56bfc062723c751e8b465ee728b)  -> (artifact id: '7b216952ac5828a88655fa24ff17e94e') in 0.175152 seconds
  Import took 0.177591 seconds .

========================================================================
Received Import Request.
  Time since last request: 0.000167 seconds.
  path: Assets/motor_housing_ab_Base_color.png
  artifactKey: Guid(9d9b633d91235a9418b068c5179e2e8c) Importer(815301076,1909f56bfc062723c751e8b465ee728b)
Start importing Assets/motor_housing_ab_Base_color.png using Guid(9d9b633d91235a9418b068c5179e2e8c) Importer(815301076,1909f56bfc062723c751e8b465ee728b)  -> (artifact id: 'f88a2664dc19452090be551744def423') in 0.050190 seconds
  Import took 0.052623 seconds .

========================================================================
Received Import Request.
  Time since last request: 0.000192 seconds.
  path: Assets/slip_ring_interface_roughness.png
  artifactKey: Guid(f7e862346ab98974d84d1cdea97aa6cc) Importer(815301076,1909f56bfc062723c751e8b465ee728b)
Start importing Assets/slip_ring_interface_roughness.png using Guid(f7e862346ab98974d84d1cdea97aa6cc) Importer(815301076,1909f56bfc062723c751e8b465ee728b)  -> (artifact id: '79df87f563dd1e137ed8710a2f23ede5') in 0.050383 seconds
  Import took 0.052827 seconds .

========================================================================
Received Import Request.
  Time since last request: 0.000246 seconds.
  path: Assets/slip_ring_interface_Base_color.png
  artifactKey: Guid(3839ac8a4c519a24a9409ea1803d408b) Importer(815301076,1909f56bfc062723c751e8b465ee728b)
Start importing Assets/slip_ring_interface_Base_color.png using Guid(3839ac8a4c519a24a9409ea1803d408b) Importer(815301076,1909f56bfc062723c751e8b465ee728b)  -> (artifact id: '94d339ee09a87d72d834f5652185c258') in 0.057929 seconds
  Import took 0.060347 seconds .

========================================================================
Received Import Request.
  Time since last request: 0.000258 seconds.
  path: Assets/rotor_stator_innards_normal.png
  artifactKey: Guid(d0e7f5e4ef0c19e43bad216068f895af) Importer(815301076,1909f56bfc062723c751e8b465ee728b)
Start importing Assets/rotor_stator_innards_normal.png using Guid(d0e7f5e4ef0c19e43bad216068f895af) Importer(815301076,1909f56bfc062723c751e8b465ee728b)  -> (artifact id: '0a62f07a8b5c3b7059a759cd0b9de6fd') in 0.057636 seconds
  Import took 0.060057 seconds .

========================================================================
Received Import Request.
  Time since last request: 0.000247 seconds.
  path: Assets/Rotor_Shell_Roughness.png
  artifactKey: Guid(5cbcd8b0029e2cd4998e4072d357d0d9) Importer(815301076,1909f56bfc062723c751e8b465ee728b)
Start importing Assets/Rotor_Shell_Roughness.png using Guid(5cbcd8b0029e2cd4998e4072d357d0d9) Importer(815301076,1909f56bfc062723c751e8b465ee728b)  -> (artifact id: 'd4e3667064cdd51c3b4d9acfb286c6b3') in 0.057264 seconds
  Import took 0.059650 seconds .

========================================================================
Received Import Request.
  Time since last request: 0.000192 seconds.
  path: Assets/rotor_stator_innards_metallic.png
  artifactKey: Guid(64f30c84daabef74d8d9d65da4aff03f) Importer(815301076,1909f56bfc062723c751e8b465ee728b)
Start importing Assets/rotor_stator_innards_metallic.png using Guid(64f30c84daabef74d8d9d65da4aff03f) Importer(815301076,1909f56bfc062723c751e8b465ee728b)  -> (artifact id: 'cf581cb2d7f681e3fc23687b7213ae00') in 0.051757 seconds
  Import took 0.054172 seconds .

========================================================================
Received Import Request.
  Time since last request: 0.000196 seconds.
  path: Assets/motor_housing_ab_roughness.png
  artifactKey: Guid(da6f31ad6f90d72428f6830494df7755) Importer(815301076,1909f56bfc062723c751e8b465ee728b)
Start importing Assets/motor_housing_ab_roughness.png using Guid(da6f31ad6f90d72428f6830494df7755) Importer(815301076,1909f56bfc062723c751e8b465ee728b)  -> (artifact id: 'edf9502802bbad1987fdd799f22aa312') in 0.054052 seconds
  Import took 0.056437 seconds .

========================================================================
Received Import Request.
  Time since last request: 0.000251 seconds.
  path: Assets/The Real Rotor Stator.mat
  artifactKey: Guid(38d16d81eb96dcb488c575cabad43c45) Importer(815301076,1909f56bfc062723c751e8b465ee728b)
Start importing Assets/The Real Rotor Stator.mat using Guid(38d16d81eb96dcb488c575cabad43c45) Importer(815301076,1909f56bfc062723c751e8b465ee728b)  -> (artifact id: '1c3bd590148e34dd4fb8974aa275d93d') in 0.173861 seconds
  Import took 0.176317 seconds .

========================================================================
Received Import Request.
  Time since last request: 0.000188 seconds.
  path: Assets/Slip Ring Thing.mat
  artifactKey: Guid(39d019f2c6592e64b976e10edaea5388) Importer(815301076,1909f56bfc062723c751e8b465ee728b)
Start importing Assets/Slip Ring Thing.mat using Guid(39d019f2c6592e64b976e10edaea5388) Importer(815301076,1909f56bfc062723c751e8b465ee728b)  -> (artifact id: '33885a0fa61c5764395a8b1f3b8e75b0') in 0.169984 seconds
  Import took 0.172405 seconds .

========================================================================
Received Import Request.
  Time since last request: 0.000252 seconds.
  path: Assets/Cryocooler_Base_color.png
  artifactKey: Guid(0af5edb343096fb4eacdce76bb3f5d82) Importer(815301076,1909f56bfc062723c751e8b465ee728b)
Start importing Assets/Cryocooler_Base_color.png using Guid(0af5edb343096fb4eacdce76bb3f5d82) Importer(815301076,1909f56bfc062723c751e8b465ee728b)  -> (artifact id: 'c19139754d08bb5ef4c64c1ff4333a9a') in 0.053620 seconds
  Import took 0.056050 seconds .

========================================================================
Received Import Request.
  Time since last request: 0.000245 seconds.
  path: Assets/24_AWG_Inst_normal.png
  artifactKey: Guid(02cf5f06d8574ca43b64c5a911d3649e) Importer(815301076,1909f56bfc062723c751e8b465ee728b)
Start importing Assets/24_AWG_Inst_normal.png using Guid(02cf5f06d8574ca43b64c5a911d3649e) Importer(815301076,1909f56bfc062723c751e8b465ee728b)  -> (artifact id: '9b4da13e797e3a431b43ac78b2aa4e92') in 0.039805 seconds
  Import took 0.042170 seconds .

========================================================================
Received Import Request.
  Time since last request: 0.000255 seconds.
  path: Assets/outer_shell_metallic.png
  artifactKey: Guid(793cab6d1ac88f4428f3a71288acce74) Importer(815301076,1909f56bfc062723c751e8b465ee728b)
Start importing Assets/outer_shell_metallic.png using Guid(793cab6d1ac88f4428f3a71288acce74) Importer(815301076,1909f56bfc062723c751e8b465ee728b)  -> (artifact id: '74a9e5e0d0a0c7bb357e4909ac00d29e') in 0.051052 seconds
  Import took 0.053514 seconds .

========================================================================
Received Import Request.
  Time since last request: 55.054197 seconds.
  path: Assets/Sounds/53679__lonemonk__switch-and-ballast-1.wav
  artifactKey: Guid(c1888e19f25b6334aa7c59b4d6351da5) Importer(815301076,1909f56bfc062723c751e8b465ee728b)
Start importing Assets/Sounds/53679__lonemonk__switch-and-ballast-1.wav using Guid(c1888e19f25b6334aa7c59b4d6351da5) Importer(815301076,1909f56bfc062723c751e8b465ee728b)  -> (artifact id: '1f997b5e8533d860b88ada22135afce4') in 0.032575 seconds
  Import took 0.035498 seconds .

========================================================================
Received Import Request.
  Time since last request: 0.000246 seconds.
  path: Assets/Sounds/208111__planman__poof-of-smoke.wav
  artifactKey: Guid(7b6f2381a85dd9f4b8b4a1e703b7bf9e) Importer(815301076,1909f56bfc062723c751e8b465ee728b)
Start importing Assets/Sounds/208111__planman__poof-of-smoke.wav using Guid(7b6f2381a85dd9f4b8b4a1e703b7bf9e) Importer(815301076,1909f56bfc062723c751e8b465ee728b)  -> (artifact id: '00715ac9b4c4f249bd643e8ecc4d999e') in 0.008429 seconds
  Import took 0.010839 seconds .

========================================================================
Received Import Request.
  Time since last request: 8.291795 seconds.
  path: Assets/Resources/DOTweenSettings.asset
  artifactKey: Guid(b15878a76f9c826489bb0e84700bf4b6) Importer(815301076,1909f56bfc062723c751e8b465ee728b)
Start importing Assets/Resources/DOTweenSettings.asset using Guid(b15878a76f9c826489bb0e84700bf4b6) Importer(815301076,1909f56bfc062723c751e8b465ee728b)  -> (artifact id: 'dca78b56636f59535f76483eab83fe5c') in 0.006755 seconds
  Import took 0.009478 seconds .

========================================================================
Received Import Request.
  Time since last request: 0.000249 seconds.
  path: Assets/Resources/OculusPlatformSettings.asset
  artifactKey: Guid(3d229c46befe44e4a976d45d0ca277e7) Importer(815301076,1909f56bfc062723c751e8b465ee728b)
Start importing Assets/Resources/OculusPlatformSettings.asset using Guid(3d229c46befe44e4a976d45d0ca277e7) Importer(815301076,1909f56bfc062723c751e8b465ee728b)  -> (artifact id: 'f485463b1044a7cf4cd2a526ea30d72e') in 0.005078 seconds
  Import took 0.007452 seconds .

========================================================================
Received Import Request.
  Time since last request: 0.000227 seconds.
  path: Assets/Resources/OVRBuildConfig.asset
  artifactKey: Guid(32da0f39ca923214e91c46364153cceb) Importer(815301076,1909f56bfc062723c751e8b465ee728b)
Start importing Assets/Resources/OVRBuildConfig.asset using Guid(32da0f39ca923214e91c46364153cceb) Importer(815301076,1909f56bfc062723c751e8b465ee728b)  -> (artifact id: 'b036cad70e57f4bd38eaf2867c38d8d5') in 0.005373 seconds
  Import took 0.007802 seconds .

========================================================================
Received Import Request.
  Time since last request: 0.000186 seconds.
  path: Assets/Resources/OculusRuntimeSettings.asset
  artifactKey: Guid(c26e821675644694285a99e36e95bfc4) Importer(815301076,1909f56bfc062723c751e8b465ee728b)
Start importing Assets/Resources/OculusRuntimeSettings.asset using Guid(c26e821675644694285a99e36e95bfc4) Importer(815301076,1909f56bfc062723c751e8b465ee728b)  -> (artifact id: '4b5a9952fb0aeb2bc59ccf7eced4a410') in 0.005020 seconds
  Import took 0.007444 seconds .

========================================================================
Received Import Request.
  Time since last request: 0.000231 seconds.
  path: Assets/Resources/OVRPlatformToolSettings.asset
  artifactKey: Guid(aba9784aba9576d40ac9b62f7b89d083) Importer(815301076,1909f56bfc062723c751e8b465ee728b)
Start importing Assets/Resources/OVRPlatformToolSettings.asset using Guid(aba9784aba9576d40ac9b62f7b89d083) Importer(815301076,1909f56bfc062723c751e8b465ee728b)  -> (artifact id: '04f4bdeb2e7ceedf5b9ad8cffdbf2a2a') in 0.005848 seconds
  Import took 0.008329 seconds .

========================================================================
Received Import Request.
  Time since last request: 0.000226 seconds.
  path: Assets/Resources/OvrAvatarSettings.asset
  artifactKey: Guid(e4e00cc1edc3e8c4b80fdcf9a647ebf5) Importer(815301076,1909f56bfc062723c751e8b465ee728b)
Start importing Assets/Resources/OvrAvatarSettings.asset using Guid(e4e00cc1edc3e8c4b80fdcf9a647ebf5) Importer(815301076,1909f56bfc062723c751e8b465ee728b)  -> (artifact id: '1390b3c6520e65d4e4a562d6920c45e1') in 0.005262 seconds
  Import took 0.007844 seconds .

========================================================================
Received Import Request.
  Time since last request: 0.000231 seconds.
  path: Assets/Resources/ONSPSettings.asset
  artifactKey: Guid(25046ff910c531742b9fb242bdf07983) Importer(815301076,1909f56bfc062723c751e8b465ee728b)
Start importing Assets/Resources/ONSPSettings.asset using Guid(25046ff910c531742b9fb242bdf07983) Importer(815301076,1909f56bfc062723c751e8b465ee728b)  -> (artifact id: 'dc50269fe493db74ece654fc556c4c45') in 0.005210 seconds
  Import took 0.007651 seconds .

========================================================================
Received Import Request.
  Time since last request: 10.872098 seconds.
  path: Assets/Oculus/OculusProjectConfig.asset
  artifactKey: Guid(99c0d806eb5cbe24da5e78ee5659c393) Importer(815301076,1909f56bfc062723c751e8b465ee728b)
Start importing Assets/Oculus/OculusProjectConfig.asset using Guid(99c0d806eb5cbe24da5e78ee5659c393) Importer(815301076,1909f56bfc062723c751e8b465ee728b)  -> (artifact id: '63652832dd1fe98ea3d85cfa5958d0cb') in 0.005761 seconds
  Import took 0.008634 seconds .

========================================================================
Received Import Request.
  Time since last request: 3.313106 seconds.
  path: Assets/Objects/background.blend
  artifactKey: Guid(f645c67d89f957f40999e27a1a0a9249) Importer(815301076,1909f56bfc062723c751e8b465ee728b)
Start importing Assets/Objects/background.blend using Guid(f645c67d89f957f40999e27a1a0a9249) Importer(815301076,1909f56bfc062723c751e8b465ee728b)  -> (artifact id: '1d53ab105eb825c99816a9a493a2253b') in 0.021921 seconds
  Import took 0.024683 seconds .

========================================================================
Received Import Request.
  Time since last request: 0.000195 seconds.
  path: Assets/Objects/connectome.fbx
  artifactKey: Guid(ed4be7a732975ae46b00c0221d9a8de6) Importer(815301076,1909f56bfc062723c751e8b465ee728b)
Start importing Assets/Objects/connectome.fbx using Guid(ed4be7a732975ae46b00c0221d9a8de6) Importer(815301076,1909f56bfc062723c751e8b465ee728b)  -> (artifact id: 'c300b9cc1c62a9d983d9ee2d97711c19') in 0.032021 seconds
  Import took 0.035486 seconds .

========================================================================
Received Import Request.
  Time since last request: 0.000213 seconds.
  path: Assets/Objects/pointer.blend
  artifactKey: Guid(40fa0f47db09101428f19bd61c25b62a) Importer(815301076,1909f56bfc062723c751e8b465ee728b)
Start importing Assets/Objects/pointer.blend using Guid(40fa0f47db09101428f19bd61c25b62a) Importer(815301076,1909f56bfc062723c751e8b465ee728b)  -> (artifact id: '73e617845da95f7c4cc290a5dc1e878c') in 0.014076 seconds
  Import took 0.016504 seconds .

========================================================================
Received Import Request.
  Time since last request: 0.000233 seconds.
  path: Assets/Objects/labels.fbx
  artifactKey: Guid(e4e9269e0b911344797345d2ac3bd731) Importer(815301076,1909f56bfc062723c751e8b465ee728b)
Start importing Assets/Objects/labels.fbx using Guid(e4e9269e0b911344797345d2ac3bd731) Importer(815301076,1909f56bfc062723c751e8b465ee728b)  -> (artifact id: '74217d35f24c34f7168f55fbe179f6e3') in 0.369384 seconds
  Import took 0.372063 seconds .

========================================================================
Received Import Request.
  Time since last request: 0.000224 seconds.
  path: Assets/Objects/blender-brain-opt.fbx
  artifactKey: Guid(de0257d9ca457424cbb8f40a83a3160c) Importer(815301076,1909f56bfc062723c751e8b465ee728b)
Start importing Assets/Objects/blender-brain-opt.fbx using Guid(de0257d9ca457424cbb8f40a83a3160c) Importer(815301076,1909f56bfc062723c751e8b465ee728b)  -> (artifact id: '1bbd22b53a714121f764b2dc56e40d20') in 0.579448 seconds
  Import took 0.583068 seconds .

========================================================================
Received Import Request.
  Time since last request: 0.000208 seconds.
  path: Assets/Objects/Caption.prefab
  artifactKey: Guid(67307a8072b6c2944ae2de86d23057eb) Importer(815301076,1909f56bfc062723c751e8b465ee728b)
Start importing Assets/Objects/Caption.prefab using Guid(67307a8072b6c2944ae2de86d23057eb) Importer(815301076,1909f56bfc062723c751e8b465ee728b)  -> (artifact id: 'ea0a32f783814b3300e19649c87f9f8c') in 0.006279 seconds
  Import took 0.008634 seconds .

========================================================================
Received Import Request.
  Time since last request: 4.967417 seconds.
  path: Assets/Materials/01.mat
  artifactKey: Guid(59f68135c33b4a34c92958bc918edeaa) Importer(815301076,1909f56bfc062723c751e8b465ee728b)
Start importing Assets/Materials/01.mat using Guid(59f68135c33b4a34c92958bc918edeaa) Importer(815301076,1909f56bfc062723c751e8b465ee728b)  -> (artifact id: '7a97039f350aebb3d9974920502b9b42') in 0.025128 seconds
  Import took 0.027870 seconds .

========================================================================
Received Import Request.
  Time since last request: 0.000244 seconds.
  path: Assets/Materials/05.mat
  artifactKey: Guid(96ac676c91c42924f94ad4202b781767) Importer(815301076,1909f56bfc062723c751e8b465ee728b)
Start importing Assets/Materials/05.mat using Guid(96ac676c91c42924f94ad4202b781767) Importer(815301076,1909f56bfc062723c751e8b465ee728b)  -> (artifact id: '7954da5f566df0c32b766153a63d2297') in 0.032499 seconds
  Import took 0.034911 seconds .

========================================================================
Received Import Request.
  Time since last request: 0.000249 seconds.
  path: Assets/Materials/04.mat
  artifactKey: Guid(b11b8487e1d9b8447a6486ecf256ed0e) Importer(815301076,1909f56bfc062723c751e8b465ee728b)
Start importing Assets/Materials/04.mat using Guid(b11b8487e1d9b8447a6486ecf256ed0e) Importer(815301076,1909f56bfc062723c751e8b465ee728b)  -> (artifact id: 'c94a77dd5b65089e23ac57721e3fed66') in 0.031932 seconds
  Import took 0.034381 seconds .

========================================================================
Received Import Request.
  Time since last request: 0.000243 seconds.
  path: Assets/Materials/Connectome.mat
  artifactKey: Guid(f21e51e622ca9004cbd4064df456c638) Importer(815301076,1909f56bfc062723c751e8b465ee728b)
Start importing Assets/Materials/Connectome.mat using Guid(f21e51e622ca9004cbd4064df456c638) Importer(815301076,1909f56bfc062723c751e8b465ee728b)  -> (artifact id: '186c9088d040145ffd559eaf7f59e4e8') in 0.029318 seconds
  Import took 0.031751 seconds .

========================================================================
Received Import Request.
  Time since last request: 0.000231 seconds.
  path: Assets/Materials/Text.mat
  artifactKey: Guid(a292f90f8b3b09443b168768c0b7b8d2) Importer(815301076,1909f56bfc062723c751e8b465ee728b)
Start importing Assets/Materials/Text.mat using Guid(a292f90f8b3b09443b168768c0b7b8d2) Importer(815301076,1909f56bfc062723c751e8b465ee728b)  -> (artifact id: 'c44d764335d36181405e8679d4330f93') in 0.008983 seconds
  Import took 0.011440 seconds .

========================================================================
Received Import Request.
  Time since last request: 0.000270 seconds.
  path: Assets/Materials/UI_Default.mat
  artifactKey: Guid(bd3b75cb2d1e00747ba1a5b510da8b0b) Importer(815301076,1909f56bfc062723c751e8b465ee728b)
Start importing Assets/Materials/UI_Default.mat using Guid(bd3b75cb2d1e00747ba1a5b510da8b0b) Importer(815301076,1909f56bfc062723c751e8b465ee728b)  -> (artifact id: '4d8be4724469a20afa6dde8f157eae62') in 0.010405 seconds
  Import took 0.013013 seconds .

========================================================================
Received Import Request.
  Time since last request: 0.000235 seconds.
  path: Assets/Materials/02.mat
  artifactKey: Guid(3a7722da9371d5c4bbb16a8b306d7072) Importer(815301076,1909f56bfc062723c751e8b465ee728b)
Start importing Assets/Materials/02.mat using Guid(3a7722da9371d5c4bbb16a8b306d7072) Importer(815301076,1909f56bfc062723c751e8b465ee728b)  -> (artifact id: '116b363f958a7c9477363a899dad893f') in 0.026487 seconds
  Import took 0.029050 seconds .

========================================================================
Received Import Request.
  Time since last request: 0.000225 seconds.
  path: Assets/Materials/03.mat
  artifactKey: Guid(b84d41bd653bc814f8ead8844387bbe5) Importer(815301076,1909f56bfc062723c751e8b465ee728b)
Start importing Assets/Materials/03.mat using Guid(b84d41bd653bc814f8ead8844387bbe5) Importer(815301076,1909f56bfc062723c751e8b465ee728b)  -> (artifact id: '8280618ee5409c4916478e06216b266c') in 0.025632 seconds
  Import took 0.028032 seconds .

========================================================================
Received Import Request.
  Time since last request: 0.000217 seconds.
  path: Assets/Materials/connectome-uv.png
  artifactKey: Guid(c6749e18ee5cd0e47ba8839d9d88602e) Importer(815301076,1909f56bfc062723c751e8b465ee728b)
Start importing Assets/Materials/connectome-uv.png using Guid(c6749e18ee5cd0e47ba8839d9d88602e) Importer(815301076,1909f56bfc062723c751e8b465ee728b)  -> (artifact id: 'a75df461602774756a6a1a7c3e414446') in 0.034557 seconds
  Import took 0.036997 seconds .

========================================================================
Received Import Request.
  Time since last request: 0.000232 seconds.
  path: Assets/Materials/06.mat
  artifactKey: Guid(73cc4f9910cbea24085c16b6f1518dbc) Importer(815301076,1909f56bfc062723c751e8b465ee728b)
Start importing Assets/Materials/06.mat using Guid(73cc4f9910cbea24085c16b6f1518dbc) Importer(815301076,1909f56bfc062723c751e8b465ee728b)  -> (artifact id: '41dd6e3c4869beac23216f51f1d53c5c') in 0.028677 seconds
  Import took 0.031119 seconds .

========================================================================
Received Import Request.
  Time since last request: 0.000252 seconds.
  path: Assets/Materials/BrainLabels.png
  artifactKey: Guid(b0800fe0207ac4841998d8c3e5d60d1d) Importer(815301076,1909f56bfc062723c751e8b465ee728b)
Start importing Assets/Materials/BrainLabels.png using Guid(b0800fe0207ac4841998d8c3e5d60d1d) Importer(815301076,1909f56bfc062723c751e8b465ee728b)  -> (artifact id: 'e238d7a3fbbf9c1c66494cbc696b27b9') in 0.259809 seconds
  Import took 0.262266 seconds .

========================================================================
Received Import Request.
  Time since last request: 0.000256 seconds.
  path: Assets/Materials/Floor.mat
  artifactKey: Guid(648866d9857bb084fbaa4af053591232) Importer(815301076,1909f56bfc062723c751e8b465ee728b)
Start importing Assets/Materials/Floor.mat using Guid(648866d9857bb084fbaa4af053591232) Importer(815301076,1909f56bfc062723c751e8b465ee728b)  -> (artifact id: 'b1c4ae6cadb67703186b39002294b13e') in 0.009090 seconds
  Import took 0.011501 seconds .

========================================================================
Received Import Request.
  Time since last request: 10.114536 seconds.
  path: Assets/Prefabs/Materials/Icon.png.mat
  artifactKey: Guid(627515d233ab2594da7ef5d20463d9e2) Importer(815301076,1909f56bfc062723c751e8b465ee728b)
Start importing Assets/Prefabs/Materials/Icon.png.mat using Guid(627515d233ab2594da7ef5d20463d9e2) Importer(815301076,1909f56bfc062723c751e8b465ee728b)  -> (artifact id: 'fdea9823c8d049c881c6c601e3657eb1') in 0.009255 seconds
  Import took 0.012034 seconds .

========================================================================
Received Prepare
Registering precompiled user dll's ...
Registered in 0.001891 seconds.
Begin MonoManager ReloadAssembly
Native extension for WindowsStandalone target not found
Refreshing native plugins compatible for Editor in 0.57 ms, found 4 plugins.
Preloading 1 native plugins for Editor in 0.04 ms.
Mono: successfully reloaded assembly
- Completed reload, in  0.694 seconds
Platform modules already initialized, skipping
Switching build target platform(5) subTarget(0) extendedPlatform(0) -> platform(13) subTarget(524288) extendedPlatform(0)
Shader 'Oculus/OVRMRCameraFrameLit': fallback shader 'Alpha-Diffuse' not found
Refreshing native plugins compatible for Editor in 0.59 ms, found 4 plugins.
Preloading 1 native plugins for Editor in 0.03 ms.
Unloading 1966 Unused Serialized files (Serialized files now loaded: 0)
System memory in use before: 97.6 MB.
System memory in use after: 97.7 MB.

Unloading 36 unused Assets to reduce memory usage. Loaded Objects now: 2539.
Total: 1.780500 ms (FindLiveObjects: 0.225800 ms CreateObjectMapping: 0.059800 ms MarkObjects: 1.469200 ms  DeleteObjects: 0.024600 ms)

AssetImportParameters requested are different than current active one (requested -> active):
  custom:graphics/normal-map-encoding: 01000000000000000000000000000000 -> 02000000000000000000000000000000
========================================================================
Received Import Request.
  Time since last request: 280.820516 seconds.
  path: Assets/Oculus/VR/Oculus.VR.asmdef
  artifactKey: Guid(f64c9ebcd7899c3448a08dc9f9ddbe30) Importer(815301076,1909f56bfc062723c751e8b465ee728b)
Start importing Assets/Oculus/VR/Oculus.VR.asmdef using Guid(f64c9ebcd7899c3448a08dc9f9ddbe30) Importer(815301076,1909f56bfc062723c751e8b465ee728b)  -> (artifact id: 'e1f54d6525fb2e11594bbb4cd7fdaa78') in 0.008581 seconds
  Import took 0.011314 seconds .

========================================================================
Received Import Request.
  Time since last request: 1.837736 seconds.
  path: Assets/Oculus/Spatializer/Oculus.Spatializer.asmdef
  artifactKey: Guid(3d2c6c35bff878341a57ebf7a749f298) Importer(815301076,1909f56bfc062723c751e8b465ee728b)
Start importing Assets/Oculus/Spatializer/Oculus.Spatializer.asmdef using Guid(3d2c6c35bff878341a57ebf7a749f298) Importer(815301076,1909f56bfc062723c751e8b465ee728b)  -> (artifact id: '6f31bd4a484fdbb1b09df374282a7814') in 0.004594 seconds
  Import took 0.007124 seconds .

========================================================================
Received Import Request.
  Time since last request: 9.950829 seconds.
  path: Assets/Oculus/AudioManager/Oculus.AudioManager.asmdef
  artifactKey: Guid(21b850ac1b5452b46a20c637f002dbf9) Importer(815301076,1909f56bfc062723c751e8b465ee728b)
Start importing Assets/Oculus/AudioManager/Oculus.AudioManager.asmdef using Guid(21b850ac1b5452b46a20c637f002dbf9) Importer(815301076,1909f56bfc062723c751e8b465ee728b)  -> (artifact id: '4b1efcfa8c3e7293c84b395dffc654ba') in 0.004495 seconds
  Import took 0.007062 seconds .

========================================================================
Received Import Request.
  Time since last request: 35.446505 seconds.
  path: Assets/Oculus/LipSync/Oculus.LipSync.asmdef
  artifactKey: Guid(bf7126905a54c9746b9c475d69312766) Importer(815301076,1909f56bfc062723c751e8b465ee728b)
Start importing Assets/Oculus/LipSync/Oculus.LipSync.asmdef using Guid(bf7126905a54c9746b9c475d69312766) Importer(815301076,1909f56bfc062723c751e8b465ee728b)  -> (artifact id: '791f92602aa905065bf3ec7403a136e9') in 0.004578 seconds
  Import took 0.007192 seconds .

========================================================================
Received Import Request.
  Time since last request: 43.838400 seconds.
  path: Assets/Oculus/Platform/Oculus.Platform.asmdef
  artifactKey: Guid(dd20cb95be28f0c4bb41a9094b4cf0ad) Importer(815301076,1909f56bfc062723c751e8b465ee728b)
Start importing Assets/Oculus/Platform/Oculus.Platform.asmdef using Guid(dd20cb95be28f0c4bb41a9094b4cf0ad) Importer(815301076,1909f56bfc062723c751e8b465ee728b)  -> (artifact id: '65e723a53f8c05b574eaf9dcaeb49442') in 0.004818 seconds
  Import took 0.007375 seconds .

AssetImportWorkerClient::OnTransportError - code=2 error=End of file
